<?xml version="1.0" encoding="UTF-8"?>
<!-- Generated by org.testng.reporters.JUnitXMLReporter -->
<testsuite hostname="vladimirs-mbp.lan" failures="1" tests="1" name="Surefire test" time="15.791" errors="0" timestamp="28 Feb 2024 02:02:25 GMT">
  <testcase classname="com.webstaurantstore.test.WebstaurantStoreTest" name="testSearchForStainlessWorkTable" time="10.689">
    <failure type="java.lang.AssertionError" message="Not all product titles contain &amp;apos;Table&amp;apos;. expected [true] but found [false]">
      <![CDATA[java.lang.AssertionError: Not all product titles contain 'Table'. expected [true] but found [false]
	at com.webstaurantstore.test.WebstaurantStoreTest.testSearchForStainlessWorkTable(WebstaurantStoreTest.java:39)
... Removed 30 stack frames]]>
    </failure>
  </testcase> <!-- testSearchForStainlessWorkTable -->
</testsuite> <!-- Surefire test -->
